15082:C 25 Apr 12:58:07.018 # Warning: no config file specified, using the default config. In order to specify a config file use redis-server /path/to/redis.conf
15082:M 25 Apr 12:58:07.019 * Increased maximum number of open files to 10032 (it was originally set to 1024).
                _._                                                  
           _.-``__ ''-._                                             
      _.-``    `.  `_.  ''-._           Redis 3.2.0 (00000000/0) 64 bit
  .-`` .-```.  ```\/    _.,_ ''-._                                   
 (    '      ,       .-`  | `,    )     Running in standalone mode
 |`-._`-...-` __...-.``-._|'` _.-'|     Port: 6379
 |    `-._   `._    /     _.-'    |     PID: 15082
  `-._    `-._  `-./  _.-'    _.-'                                   
 |`-._`-._    `-.__.-'    _.-'_.-'|                                  
 |    `-._`-._        _.-'_.-'    |           http://redis.io        
  `-._    `-._`-.__.-'_.-'    _.-'                                   
 |`-._`-._    `-.__.-'    _.-'_.-'|                                  
 |    `-._`-._        _.-'_.-'    |                                  
  `-._    `-._`-.__.-'_.-'    _.-'                                   
      `-._    `-.__.-'    _.-'                                       
          `-._        _.-'                                           
              `-.__.-'                                               

15082:M 25 Apr 12:58:07.020 # WARNING: The TCP backlog setting of 511 cannot be enforced because /proc/sys/net/core/somaxconn is set to the lower value of 128.
15082:M 25 Apr 12:58:07.020 # Server started, Redis version 3.2.0
15082:M 25 Apr 12:58:07.020 # WARNING overcommit_memory is set to 0! Background save may fail under low memory condition. To fix this issue add 'vm.overcommit_memory = 1' to /etc/sysctl.conf and then reboot or run the command 'sysctl vm.overcommit_memory=1' for this to take effect.
15082:M 25 Apr 12:58:07.020 # WARNING you have Transparent Huge Pages (THP) support enabled in your kernel. This will create latency and memory usage issues with Redis. To fix this issue run the command 'echo never > /sys/kernel/mm/transparent_hugepage/enabled' as root, and add it to your /etc/rc.local in order to retain the setting after a reboot. Redis must be restarted after THP is disabled.
15082:M 25 Apr 12:58:07.020 * The server is now ready to accept connections on port 6379
15082:signal-handler (1493117014) Received SIGTERM scheduling shutdown...
15082:M 25 Apr 13:43:34.519 # User requested shutdown...
15082:M 25 Apr 13:43:34.519 * Saving the final RDB snapshot before exiting.
15082:M 25 Apr 13:43:34.604 * DB saved on disk
15082:M 25 Apr 13:43:34.605 # Redis is now ready to exit, bye bye...
